<?xml version="1.0" encoding="UTF-8"?>
<testng-results skipped="0" failed="0" ignored="0" total="1" passed="1">
  <reporter-output>
  </reporter-output>
  <suite name="Default suite" duration-ms="9590" started-at="2018-03-15T02:12:58Z" finished-at="2018-03-15T02:13:08Z">
    <groups>
    </groups>
    <test name="Default test" duration-ms="9590" started-at="2018-03-15T02:12:58Z" finished-at="2018-03-15T02:13:08Z">
      <class name="com.app.tests.GitHub">
        <test-method status="PASS" signature="setUp()[pri:0, instance:com.app.tests.GitHub@77caeb3e]" name="setUp" is-config="true" duration-ms="3021" started-at="2018-03-15T02:12:58Z" finished-at="2018-03-15T02:13:01Z">
          <reporter-output>
          </reporter-output>
        </test-method> <!-- setUp -->
        <test-method status="PASS" signature="getAllLinks()[pri:0, instance:com.app.tests.GitHub@77caeb3e]" name="getAllLinks" duration-ms="6465" started-at="2018-03-15T02:13:01Z" finished-at="2018-03-15T02:13:08Z">
          <reporter-output>
          </reporter-output>
        </test-method> <!-- getAllLinks -->
        <test-method status="PASS" signature="tearDown()[pri:0, instance:com.app.tests.GitHub@77caeb3e]" name="tearDown" is-config="true" duration-ms="89" started-at="2018-03-15T02:13:08Z" finished-at="2018-03-15T02:13:08Z">
          <reporter-output>
          </reporter-output>
        </test-method> <!-- tearDown -->
      </class> <!-- com.app.tests.GitHub -->
    </test> <!-- Default test -->
  </suite> <!-- Default suite -->
</testng-results>
