<?xml version="1.0" encoding="UTF-8"?>
<testng-results skipped="0" failed="0" ignored="0" total="1" passed="1">
  <reporter-output>
  </reporter-output>
  <suite name="Default suite" duration-ms="7296" started-at="2018-09-01T15:30:58Z" finished-at="2018-09-01T15:31:06Z">
    <groups>
    </groups>
    <test name="Default test" duration-ms="7296" started-at="2018-09-01T15:30:58Z" finished-at="2018-09-01T15:31:06Z">
      <class name="com.app.tests.GitHub">
        <test-method status="PASS" signature="setUp()[pri:0, instance:com.app.tests.GitHub@77caeb3e]" name="setUp" is-config="true" duration-ms="2139" started-at="2018-09-01T15:30:58Z" finished-at="2018-09-01T15:31:01Z">
          <reporter-output>
          </reporter-output>
        </test-method> <!-- setUp -->
        <test-method status="PASS" signature="getAllLinks()[pri:0, instance:com.app.tests.GitHub@77caeb3e]" name="getAllLinks" duration-ms="5048" started-at="2018-09-01T15:31:01Z" finished-at="2018-09-01T15:31:06Z">
          <reporter-output>
          </reporter-output>
        </test-method> <!-- getAllLinks -->
        <test-method status="PASS" signature="tearDown()[pri:0, instance:com.app.tests.GitHub@77caeb3e]" name="tearDown" is-config="true" duration-ms="91" started-at="2018-09-01T15:31:06Z" finished-at="2018-09-01T15:31:06Z">
          <reporter-output>
          </reporter-output>
        </test-method> <!-- tearDown -->
      </class> <!-- com.app.tests.GitHub -->
    </test> <!-- Default test -->
  </suite> <!-- Default suite -->
</testng-results>
